Grammaire

    0 $accept: EXPRESSIONRATIONNELLE $end

    1 EXPRESSIONRATIONNELLE: START END

    2 START: R_OU

    3 R_OU: R_CONCAT
    4     | R_CONCAT UNION R_OU

    5 R_CONCAT: R_ETOILE
    6         | R_ETOILE CONCATENATION R_CONCAT

    7 R_ETOILE: SIMPLE
    8         | R_ETOILE KLEENE

    9 SIMPLE: ID
   10       | LPAR START RPAR


Terminaux, suivis des règles où ils apparaissent

$end (0) 0
error (256)
ID (258) 9
UNION (259) 4
CONCATENATION (260) 6
KLEENE (261) 8
LPAR (262) 10
RPAR (263) 10
END (264) 1


Non-terminaux, suivis des règles où ils apparaissent

$accept (10)
    à gauche: 0
EXPRESSIONRATIONNELLE (11)
    à gauche: 1, à droite: 0
START (12)
    à gauche: 2, à droite: 1 10
R_OU (13)
    à gauche: 3 4, à droite: 2 4
R_CONCAT (14)
    à gauche: 5 6, à droite: 3 4 6
R_ETOILE (15)
    à gauche: 7 8, à droite: 5 6 8
SIMPLE (16)
    à gauche: 9 10, à droite: 7


État 0

    0 $accept: . EXPRESSIONRATIONNELLE $end

    ID    décalage et aller à l'état 1
    LPAR  décalage et aller à l'état 2

    EXPRESSIONRATIONNELLE  aller à l'état 3
    START                  aller à l'état 4
    R_OU                   aller à l'état 5
    R_CONCAT               aller à l'état 6
    R_ETOILE               aller à l'état 7
    SIMPLE                 aller à l'état 8


État 1

    9 SIMPLE: ID .

    $défaut  réduction par utilisation de la règle 9 (SIMPLE)


État 2

   10 SIMPLE: LPAR . START RPAR

    ID    décalage et aller à l'état 1
    LPAR  décalage et aller à l'état 2

    START     aller à l'état 9
    R_OU      aller à l'état 5
    R_CONCAT  aller à l'état 6
    R_ETOILE  aller à l'état 7
    SIMPLE    aller à l'état 8


État 3

    0 $accept: EXPRESSIONRATIONNELLE . $end

    $end  décalage et aller à l'état 10


État 4

    1 EXPRESSIONRATIONNELLE: START . END

    END  décalage et aller à l'état 11


État 5

    2 START: R_OU .

    $défaut  réduction par utilisation de la règle 2 (START)


État 6

    3 R_OU: R_CONCAT .
    4     | R_CONCAT . UNION R_OU

    UNION  décalage et aller à l'état 12

    $défaut  réduction par utilisation de la règle 3 (R_OU)


État 7

    5 R_CONCAT: R_ETOILE .
    6         | R_ETOILE . CONCATENATION R_CONCAT
    8 R_ETOILE: R_ETOILE . KLEENE

    CONCATENATION  décalage et aller à l'état 13
    KLEENE         décalage et aller à l'état 14

    $défaut  réduction par utilisation de la règle 5 (R_CONCAT)


État 8

    7 R_ETOILE: SIMPLE .

    $défaut  réduction par utilisation de la règle 7 (R_ETOILE)


État 9

   10 SIMPLE: LPAR START . RPAR

    RPAR  décalage et aller à l'état 15


État 10

    0 $accept: EXPRESSIONRATIONNELLE $end .

    $défaut  accepter


État 11

    1 EXPRESSIONRATIONNELLE: START END .

    $défaut  réduction par utilisation de la règle 1 (EXPRESSIONRATIONNELLE)


État 12

    4 R_OU: R_CONCAT UNION . R_OU

    ID    décalage et aller à l'état 1
    LPAR  décalage et aller à l'état 2

    R_OU      aller à l'état 16
    R_CONCAT  aller à l'état 6
    R_ETOILE  aller à l'état 7
    SIMPLE    aller à l'état 8


État 13

    6 R_CONCAT: R_ETOILE CONCATENATION . R_CONCAT

    ID    décalage et aller à l'état 1
    LPAR  décalage et aller à l'état 2

    R_CONCAT  aller à l'état 17
    R_ETOILE  aller à l'état 7
    SIMPLE    aller à l'état 8


État 14

    8 R_ETOILE: R_ETOILE KLEENE .

    $défaut  réduction par utilisation de la règle 8 (R_ETOILE)


État 15

   10 SIMPLE: LPAR START RPAR .

    $défaut  réduction par utilisation de la règle 10 (SIMPLE)


État 16

    4 R_OU: R_CONCAT UNION R_OU .

    $défaut  réduction par utilisation de la règle 4 (R_OU)


État 17

    6 R_CONCAT: R_ETOILE CONCATENATION R_CONCAT .

    $défaut  réduction par utilisation de la règle 6 (R_CONCAT)
